0 info it worked if it ends with ok
1 verbose cli [ 'C:\\Program Files\\nodejs\\node.exe',
1 verbose cli   'C:\\Program Files\\nodejs\\node_modules\\npm\\bin\\npm-cli.js',
1 verbose cli   'start' ]
2 info using npm@3.10.10
3 info using node@v6.10.3
4 verbose run-script [ 'prestart', 'start', 'poststart' ]
5 info lifecycle nodeauth@0.0.0~prestart: nodeauth@0.0.0
6 silly lifecycle nodeauth@0.0.0~prestart: no script for prestart, continuing
7 info lifecycle nodeauth@0.0.0~start: nodeauth@0.0.0
8 verbose lifecycle nodeauth@0.0.0~start: unsafe-perm in lifecycle true
9 verbose lifecycle nodeauth@0.0.0~start: PATH: C:\Program Files\nodejs\node_modules\npm\bin\node-gyp-bin;H:\Projects\NodeJS\nodeauth\node_modules\.bin;C:\Users\Aniket\AppData\Roaming\npm;C:\Program Files\nodejs\;C:\OpenSSL-Win64\bin;C:\app\Aniket\product\11.2.0\dbhome_1\bin;C:\xampp\tomcat\lib\servlet-api.jar;C:\Program Files (x86)\Intel\iCLS Client\;C:\Program Files\Intel\iCLS Client\;C:\Program Files (x86)\VMware\VMware vSphere CLI\Perl\site\bin;C:\Program Files (x86)\VMware\VMware vSphere CLI\Perl\bin;C:\Program Files (x86)\VMware\VMware vSphere CLI\bin;C:\PROGRA~2\RATIONAL\RATION~1\NUTCROOT\bin;C:\PROGRA~2\RATIONAL\RATION~1\NUTCROOT\bin\x11;C:\PROGRA~2\RATIONAL\RATION~1\NUTCROOT\mksnt;C:\Program Files\Java\jdk1.8.0_111\bin;C:\Python27;C:\Python27\Scripts;C:\Program Files\MongoDB\Server\3.4\bin;C:\Program Files\PuTTY\;C:\Windows\System32;C:\xampp\php;C:\Program Files\Haskell Platform\8.2.1\mingw\bin;C:\Program Files (x86)\Rational\common;C:\Program Files (x86)\Rational\ClearQuest;C:\Program Files (x86)\Rational\Rose\TopLink\;C:\Program Files (x86)\Rational\Rational Test;C:\WINDOWS\system32;C:\WINDOWS;C:\WINDOWS\System32\Wbem;C:\WINDOWS\System32\WindowsPowerShell\v1.0\;C:\Users\Aniket\.dnx\bin;C:\Program Files\Microsoft DNX\Dnvm\;C:\Program Files\Microsoft SQL Server\130\Tools\Binn\;C:\Program Files (x86)\Intel\Intel(R) Management Engine Components\DAL;C:\Program Files\Intel\Intel(R) Management Engine Components\DAL;C:\Program Files (x86)\Intel\Intel(R) Management Engine Components\IPT;C:\Program Files\Intel\Intel(R) Management Engine Components\IPT;C:\Program Files (x86)\QuickTime\QTSystem\;C:\Python\Python36;C:\WINDOWS\System32\OpenSSH\;C:\Program Files\Intel\WiFi\bin\;C:\Program Files\Common Files\Intel\WirelessCommon\;C:\Program Files\Java\jdk1.8.0_111\bin;C:\Program Files\Java\jre1.8.0_151\bin;C:\Program Files\Git\cmd;C:\Program Files\nodejs;C:\Users\Aniket\AppData\Local\Programs\Python\Python36\Scripts\;C:\Users\Aniket\AppData\Local\Programs\Python\Python36\;C:\Users\Aniket\AppData\Roaming\cabal\bin;H:\College\3 year\AP\Haskell\bin;C:\Users\Aniket\Anaconda2;C:\Users\Aniket\Anaconda2\Scripts;C:\Users\Aniket\Anaconda2\Library\bin;C:\Users\Aniket\AppData\Local\Microsoft\WindowsApps;C:\Users\Aniket\AppData\Roaming\npm;
10 verbose lifecycle nodeauth@0.0.0~start: CWD: H:\Projects\NodeJS\nodeauth
11 silly lifecycle nodeauth@0.0.0~start: Args: [ '/d /s /c', 'node ./bin/www' ]
12 silly lifecycle nodeauth@0.0.0~start: Returned: code: 1  signal: null
13 info lifecycle nodeauth@0.0.0~start: Failed to exec start script
14 verbose stack Error: nodeauth@0.0.0 start: `node ./bin/www`
14 verbose stack Exit status 1
14 verbose stack     at EventEmitter.<anonymous> (C:\Program Files\nodejs\node_modules\npm\lib\utils\lifecycle.js:255:16)
14 verbose stack     at emitTwo (events.js:106:13)
14 verbose stack     at EventEmitter.emit (events.js:191:7)
14 verbose stack     at ChildProcess.<anonymous> (C:\Program Files\nodejs\node_modules\npm\lib\utils\spawn.js:40:14)
14 verbose stack     at emitTwo (events.js:106:13)
14 verbose stack     at ChildProcess.emit (events.js:191:7)
14 verbose stack     at maybeClose (internal/child_process.js:886:16)
14 verbose stack     at Process.ChildProcess._handle.onexit (internal/child_process.js:226:5)
15 verbose pkgid nodeauth@0.0.0
16 verbose cwd H:\Projects\NodeJS\nodeauth
17 error Windows_NT 10.0.17134
18 error argv "C:\\Program Files\\nodejs\\node.exe" "C:\\Program Files\\nodejs\\node_modules\\npm\\bin\\npm-cli.js" "start"
19 error node v6.10.3
20 error npm  v3.10.10
21 error code ELIFECYCLE
22 error nodeauth@0.0.0 start: `node ./bin/www`
22 error Exit status 1
23 error Failed at the nodeauth@0.0.0 start script 'node ./bin/www'.
23 error Make sure you have the latest version of node.js and npm installed.
23 error If you do, this is most likely a problem with the nodeauth package,
23 error not with npm itself.
23 error Tell the author that this fails on your system:
23 error     node ./bin/www
23 error You can get information on how to open an issue for this project with:
23 error     npm bugs nodeauth
23 error Or if that isn't available, you can get their info via:
23 error     npm owner ls nodeauth
23 error There is likely additional logging output above.
24 verbose exit [ 1, true ]
